<?xml version="1.0" encoding="UTF-8"?>
<testsuite xmlns:xsi="http://www.w3.org/2001/XMLSchema-instance" xsi:noNamespaceSchemaLocation="https://maven.apache.org/surefire/maven-surefire-plugin/xsd/surefire-test-report-3.0.xsd" version="3.0" name="com.hng.stage1.Stage1ApplicationTests" time="6.953" tests="1" errors="0" skipped="0" failures="0">
  <properties>
[...]
</properties>
  <testcase name="contextLoads" classname="com.hng.stage1.Stage1ApplicationTests" time="1.605">
    <system-out><![CDATA[09:06:15.051 [main] INFO org.springframework.test.context.support.AnnotationConfigContextLoaderUtils -- Could not detect default configuration classes for test class [com.hng.stage1.Stage1ApplicationTests]: Stage1ApplicationTests does not declare any static, non-private, non-final, nested classes annotated with @Configuration.
09:06:15.281 [main] INFO org.springframework.boot.test.context.SpringBootTestContextBootstrapper -- Found @SpringBootConfiguration com.hng.stage1.Stage1Application for test class com.hng.stage1.Stage1ApplicationTests

  .   ____          _            __ _ _
 /\\ / ___'_ __ _ _(_)_ __  __ _ \ \ \ \
( ( )\___ | '_ | '_| | '_ \/ _` | \ \ \ \
 \\/  ___)| |_)| | | | | || (_| |  ) ) ) )
  '  |____| .__|_| |_|_| |_\__, | / / / /
 =========|_|==============|___/=/_/_/_/
 :: Spring Boot ::                (v3.1.3)

2023-09-12T09:06:16.188+03:00  INFO 20587 --- [           main] com.hng.stage1.Stage1ApplicationTests    : Starting Stage1ApplicationTests using Java 17.0.8.1 with PID 20587 (started by vicky in /home/vicky/Documents/DEV/HNG/stage1)
2023-09-12T09:06:16.197+03:00  INFO 20587 --- [           main] com.hng.stage1.Stage1ApplicationTests    : No active profile set, falling back to 1 default profile: "default"
2023-09-12T09:06:19.918+03:00  INFO 20587 --- [           main] com.hng.stage1.Stage1ApplicationTests    : Started Stage1ApplicationTests in 4.315 seconds (process running for 6.955)
]]></system-out>
  </testcase>
</testsuite>